Arguments: 
  /usr/local/Cellar/node/19.4.0_1/bin/node /usr/local/bin/yarn

PATH: 
  /Users/vicheanak/.rvm/gems/ruby-2.7.5/bin:/Users/vicheanak/.rvm/gems/ruby-2.7.5@global/bin:/Users/vicheanak/.rvm/rubies/ruby-2.7.5/bin:/usr/local/opt/ruby/bin:/usr/local/bin:/System/Cryptexes/App/usr/bin:/usr/bin:/bin:/usr/sbin:/sbin:/Library/Apple/usr/bin:/Users/vicheanak/.rvm/gems/ruby-2.7.5/bin:/Users/vicheanak/.rvm/gems/ruby-2.7.5@global/bin:/Users/vicheanak/.rvm/rubies/ruby-2.7.5/bin:/usr/local/opt/ruby/bin:/Users/vicheanak/Library/Android/sdk/emulator:/Users/vicheanak/Library/Android/sdk/platform-tools:/Users/vicheanak/Library/Android/sdk/tools:/Users/vicheanak/Library/Android/sdk/tools/bin:/Users/vicheanak/.rvm/bin:/Users/vicheanak/Library/Android/sdk/emulator:/Users/vicheanak/Library/Android/sdk/platform-tools:/Users/vicheanak/Library/Android/sdk/emulator:/usr/local/bin:/System/Cryptexes/App/usr/bin:/usr/bin:/bin:/usr/sbin:/sbin:/Library/Apple/usr/bin:/Users/vicheanak/.rvm/gems/ruby-2.7.5/bin:/Users/vicheanak/.rvm/gems/ruby-2.7.5@global/bin:/Users/vicheanak/.rvm/rubies/ruby-2.7.5/bin:/usr/local/opt/ruby/bin:/Users/vicheanak/Library/Android/sdk/emulator:/Users/vicheanak/Library/Android/sdk/platform-tools:/Users/vicheanak/Library/Android/sdk/tools:/Users/vicheanak/Library/Android/sdk/tools/bin:/Users/vicheanak/.rvm/bin:/Users/vicheanak/Library/Android/sdk/emulator:/Users/vicheanak/Library/Android/sdk/platform-tools:/Users/vicheanak/Library/Android/sdk/tools:/usr/local/bin:/System/Cryptexes/App/usr/bin:/usr/bin:/bin:/usr/sbin:/sbin:/Library/Apple/usr/bin:/Users/vicheanak/.rvm/gems/ruby-2.7.5/bin:/Users/vicheanak/.rvm/gems/ruby-2.7.5@global/bin:/Users/vicheanak/.rvm/rubies/ruby-2.7.5/bin:/usr/local/opt/ruby/bin:/Users/vicheanak/Library/Android/sdk/emulator:/Users/vicheanak/Library/Android/sdk/platform-tools:/Users/vicheanak/Library/Android/sdk/tools:/Users/vicheanak/Library/Android/sdk/tools/bin:/Users/vicheanak/.rvm/bin:/Users/vicheanak/Library/Android/sdk/emulator:/Users/vicheanak/Library/Android/sdk/platform-tools:/Users/vicheanak/Library/Android/sdk/emulator:/usr/local/bin:/System/Cryptexes/App/usr/bin:/usr/bin:/bin:/usr/sbin:/sbin:/Library/Apple/usr/bin:/Users/vicheanak/.rvm/gems/ruby-2.7.5/bin:/Users/vicheanak/.rvm/gems/ruby-2.7.5@global/bin:/Users/vicheanak/.rvm/rubies/ruby-2.7.5/bin:/usr/local/opt/ruby/bin:/Users/vicheanak/Library/Android/sdk/emulator:/Users/vicheanak/Library/Android/sdk/platform-tools:/Users/vicheanak/Library/Android/sdk/tools:/Users/vicheanak/Library/Android/sdk/tools/bin:/Users/vicheanak/.rvm/bin:/Users/vicheanak/Library/Android/sdk/emulator:/Users/vicheanak/Library/Android/sdk/platform-tools:/Users/vicheanak/Library/Android/sdk/tools/bin:/usr/local/bin:/System/Cryptexes/App/usr/bin:/usr/bin:/bin:/usr/sbin:/sbin:/Library/Apple/usr/bin:/Users/vicheanak/.rvm/gems/ruby-2.7.5/bin:/Users/vicheanak/.rvm/gems/ruby-2.7.5@global/bin:/Users/vicheanak/.rvm/rubies/ruby-2.7.5/bin:/usr/local/opt/ruby/bin:/Users/vicheanak/Library/Android/sdk/emulator:/Users/vicheanak/Library/Android/sdk/platform-tools:/Users/vicheanak/Library/Android/sdk/tools:/Users/vicheanak/Library/Android/sdk/tools/bin:/Users/vicheanak/.rvm/bin:/Users/vicheanak/Library/Android/sdk/emulator:/Users/vicheanak/Library/Android/sdk/platform-tools:/Users/vicheanak/Library/Android/sdk/emulator:/usr/local/bin:/System/Cryptexes/App/usr/bin:/usr/bin:/bin:/usr/sbin:/sbin:/Library/Apple/usr/bin:/Users/vicheanak/.rvm/gems/ruby-2.7.5/bin:/Users/vicheanak/.rvm/gems/ruby-2.7.5@global/bin:/Users/vicheanak/.rvm/rubies/ruby-2.7.5/bin:/usr/local/opt/ruby/bin:/Users/vicheanak/Library/Android/sdk/emulator:/Users/vicheanak/Library/Android/sdk/platform-tools:/Users/vicheanak/Library/Android/sdk/tools:/Users/vicheanak/Library/Android/sdk/tools/bin:/Users/vicheanak/.rvm/bin:/Users/vicheanak/Library/Android/sdk/emulator:/Users/vicheanak/Library/Android/sdk/platform-tools:/Users/vicheanak/Library/Android/sdk/tools:/usr/local/bin:/System/Cryptexes/App/usr/bin:/usr/bin:/bin:/usr/sbin:/sbin:/Library/Apple/usr/bin:/Users/vicheanak/.rvm/gems/ruby-2.7.5/bin:/Users/vicheanak/.rvm/gems/ruby-2.7.5@global/bin:/Users/vicheanak/.rvm/rubies/ruby-2.7.5/bin:/usr/local/opt/ruby/bin:/Users/vicheanak/Library/Android/sdk/emulator:/Users/vicheanak/Library/Android/sdk/platform-tools:/Users/vicheanak/Library/Android/sdk/tools:/Users/vicheanak/Library/Android/sdk/tools/bin:/Users/vicheanak/.rvm/bin:/Users/vicheanak/Library/Android/sdk/emulator:/Users/vicheanak/Library/Android/sdk/platform-tools:/Users/vicheanak/Library/Android/sdk/emulator:/usr/local/bin:/System/Cryptexes/App/usr/bin:/usr/bin:/bin:/usr/sbin:/sbin:/Library/Apple/usr/bin:/Users/vicheanak/.rvm/gems/ruby-2.7.5/bin:/Users/vicheanak/.rvm/gems/ruby-2.7.5@global/bin:/Users/vicheanak/.rvm/rubies/ruby-2.7.5/bin:/usr/local/opt/ruby/bin:/Users/vicheanak/Library/Android/sdk/emulator:/Users/vicheanak/Library/Android/sdk/platform-tools:/Users/vicheanak/Library/Android/sdk/tools:/Users/vicheanak/Library/Android/sdk/tools/bin:/Users/vicheanak/.rvm/bin:/Users/vicheanak/Library/Android/sdk/emulator:/Users/vicheanak/Library/Android/sdk/platform-tools:/Users/vicheanak/Library/Android/sdk/platform-tools:/usr/local/bin:/System/Cryptexes/App/usr/bin:/usr/bin:/bin:/usr/sbin:/sbin:/Library/Apple/usr/bin:/Users/vicheanak/.rvm/gems/ruby-2.7.5/bin:/Users/vicheanak/.rvm/gems/ruby-2.7.5@global/bin:/Users/vicheanak/.rvm/rubies/ruby-2.7.5/bin:/usr/local/opt/ruby/bin:/Users/vicheanak/Library/Android/sdk/emulator:/Users/vicheanak/Library/Android/sdk/platform-tools:/Users/vicheanak/Library/Android/sdk/tools:/Users/vicheanak/Library/Android/sdk/tools/bin:/Users/vicheanak/.rvm/bin:/Users/vicheanak/Library/Android/sdk/emulator:/Users/vicheanak/Library/Android/sdk/platform-tools:/Users/vicheanak/Library/Android/sdk/emulator:/usr/local/bin:/System/Cryptexes/App/usr/bin:/usr/bin:/bin:/usr/sbin:/sbin:/Library/Apple/usr/bin:/Users/vicheanak/.rvm/gems/ruby-2.7.5/bin:/Users/vicheanak/.rvm/gems/ruby-2.7.5@global/bin:/Users/vicheanak/.rvm/rubies/ruby-2.7.5/bin:/usr/local/opt/ruby/bin:/Users/vicheanak/Library/Android/sdk/emulator:/Users/vicheanak/Library/Android/sdk/platform-tools:/Users/vicheanak/Library/Android/sdk/tools:/Users/vicheanak/Library/Android/sdk/tools/bin:/Users/vicheanak/.rvm/bin:/Users/vicheanak/Library/Android/sdk/emulator:/Users/vicheanak/Library/Android/sdk/platform-tools:/Users/vicheanak/Library/Android/sdk/tools:/usr/local/bin:/System/Cryptexes/App/usr/bin:/usr/bin:/bin:/usr/sbin:/sbin:/Library/Apple/usr/bin:/Users/vicheanak/.rvm/gems/ruby-2.7.5/bin:/Users/vicheanak/.rvm/gems/ruby-2.7.5@global/bin:/Users/vicheanak/.rvm/rubies/ruby-2.7.5/bin:/usr/local/opt/ruby/bin:/Users/vicheanak/Library/Android/sdk/emulator:/Users/vicheanak/Library/Android/sdk/platform-tools:/Users/vicheanak/Library/Android/sdk/tools:/Users/vicheanak/Library/Android/sdk/tools/bin:/Users/vicheanak/.rvm/bin:/Users/vicheanak/Library/Android/sdk/emulator:/Users/vicheanak/Library/Android/sdk/platform-tools:/Users/vicheanak/Library/Android/sdk/emulator:/usr/local/bin:/System/Cryptexes/App/usr/bin:/usr/bin:/bin:/usr/sbin:/sbin:/Library/Apple/usr/bin:/Users/vicheanak/.rvm/gems/ruby-2.7.5/bin:/Users/vicheanak/.rvm/gems/ruby-2.7.5@global/bin:/Users/vicheanak/.rvm/rubies/ruby-2.7.5/bin:/usr/local/opt/ruby/bin:/Users/vicheanak/Library/Android/sdk/emulator:/Users/vicheanak/Library/Android/sdk/platform-tools:/Users/vicheanak/Library/Android/sdk/tools:/Users/vicheanak/Library/Android/sdk/tools/bin:/Users/vicheanak/.rvm/bin:/Users/vicheanak/Library/Android/sdk/emulator:/Users/vicheanak/Library/Android/sdk/platform-tools:/Users/vicheanak/Library/Android/sdk/tools/bin:/usr/local/bin:/System/Cryptexes/App/usr/bin:/usr/bin:/bin:/usr/sbin:/sbin:/Library/Apple/usr/bin:/Users/vicheanak/.rvm/gems/ruby-2.7.5/bin:/Users/vicheanak/.rvm/gems/ruby-2.7.5@global/bin:/Users/vicheanak/.rvm/rubies/ruby-2.7.5/bin:/usr/local/opt/ruby/bin:/Users/vicheanak/Library/Android/sdk/emulator:/Users/vicheanak/Library/Android/sdk/platform-tools:/Users/vicheanak/Library/Android/sdk/tools:/Users/vicheanak/Library/Android/sdk/tools/bin:/Users/vicheanak/.rvm/bin:/Users/vicheanak/Library/Android/sdk/emulator:/Users/vicheanak/Library/Android/sdk/platform-tools:/Users/vicheanak/Library/Android/sdk/emulator:/usr/local/bin:/System/Cryptexes/App/usr/bin:/usr/bin:/bin:/usr/sbin:/sbin:/Library/Apple/usr/bin:/Users/vicheanak/.rvm/gems/ruby-2.7.5/bin:/Users/vicheanak/.rvm/gems/ruby-2.7.5@global/bin:/Users/vicheanak/.rvm/rubies/ruby-2.7.5/bin:/usr/local/opt/ruby/bin:/Users/vicheanak/Library/Android/sdk/emulator:/Users/vicheanak/Library/Android/sdk/platform-tools:/Users/vicheanak/Library/Android/sdk/tools:/Users/vicheanak/Library/Android/sdk/tools/bin:/Users/vicheanak/.rvm/bin:/Users/vicheanak/Library/Android/sdk/emulator:/Users/vicheanak/Library/Android/sdk/platform-tools:/Users/vicheanak/Library/Android/sdk/tools:/usr/local/bin:/System/Cryptexes/App/usr/bin:/usr/bin:/bin:/usr/sbin:/sbin:/Library/Apple/usr/bin:/Users/vicheanak/.rvm/gems/ruby-2.7.5/bin:/Users/vicheanak/.rvm/gems/ruby-2.7.5@global/bin:/Users/vicheanak/.rvm/rubies/ruby-2.7.5/bin:/usr/local/opt/ruby/bin:/Users/vicheanak/Library/Android/sdk/emulator:/Users/vicheanak/Library/Android/sdk/platform-tools:/Users/vicheanak/Library/Android/sdk/tools:/Users/vicheanak/Library/Android/sdk/tools/bin:/Users/vicheanak/.rvm/bin:/Users/vicheanak/Library/Android/sdk/emulator:/Users/vicheanak/Library/Android/sdk/platform-tools:/Users/vicheanak/Library/Android/sdk/emulator:/usr/local/bin:/System/Cryptexes/App/usr/bin:/usr/bin:/bin:/usr/sbin:/sbin:/Library/Apple/usr/bin:/Users/vicheanak/.rvm/gems/ruby-2.7.5/bin:/Users/vicheanak/.rvm/gems/ruby-2.7.5@global/bin:/Users/vicheanak/.rvm/rubies/ruby-2.7.5/bin:/usr/local/opt/ruby/bin:/Users/vicheanak/Library/Android/sdk/emulator:/Users/vicheanak/Library/Android/sdk/platform-tools:/Users/vicheanak/Library/Android/sdk/tools:/Users/vicheanak/Library/Android/sdk/tools/bin:/Users/vicheanak/.rvm/bin:/Users/vicheanak/Library/Android/sdk/emulator:/Users/vicheanak/Library/Android/sdk/platform-tools:/Users/vicheanak/.rvm/bin

Yarn version: 
  1.22.19

Node version: 
  19.4.0

Platform: 
  darwin x64

Trace: 
  Error: getaddrinfo ENOTFOUND registry.yarnpkg.com
      at GetAddrInfoReqWrap.onlookup [as oncomplete] (node:dns:107:26)

npm manifest: 
  {
    "name": "molly-dane-bakehouse-seller",
    "version": "1.0.0",
    "main": "node_modules/expo/AppEntry.js",
    "scripts": {
      "start": "expo start",
      "android": "expo start --android",
      "ios": "expo start --ios",
      "web": "expo start --web"
    },
    "dependencies": {
      "expo": "~48.0.15",
      "expo-status-bar": "~1.4.4",
      "react": "18.2.0",
      "react-native": "0.71.8"
    },
    "devDependencies": {
      "@babel/core": "^7.20.0"
    },
    "private": true
  }

yarn manifest: 
  No manifest

Lockfile: 
  No lockfile
